\BOOKMARK [1][-]{section.1}{\376\377\000K\000-\000N\000e\000a\000r\000e\000s\000t\000\040\000N\000e\000i\000g\000h\000b\000o\000r\000s\000\040\000\050\000K\000N\000N\000\051}{}% 1
\BOOKMARK [2][-]{subsection.1.1}{\376\377\000A\000l\000g\000o\000r\000i\000t\000h\000m\000\040\000d\000e\000\040\000K\000N\000N\000\040\000n\000a\000i\000f}{section.1}% 2
\BOOKMARK [2][-]{subsection.1.2}{\376\377\000A\000l\000g\000o\000r\000i\000t\000h\000m\000e\000\040\000d\000e\000s\000\040\000K\000N\000N\000\040\000s\000t\000r\000u\000c\000t\000u\000r\000\351\000\040\000a\000v\000e\000c\000\040\000K\000D\000-\000T\000r\000e\000e}{section.1}% 3
\BOOKMARK [3][-]{subsubsection.1.2.1}{\376\377\000c\000o\000n\000s\000t\000r\000u\000c\000t\000i\000o\000n\000\040\000d\000e\000\040\000l\000'\000a\000r\000b\000r\000e}{subsection.1.2}% 4
\BOOKMARK [3][-]{subsubsection.1.2.2}{\376\377\000C\000l\000a\000s\000s\000i\000f\000i\000c\000a\000t\000i\000o\000n\000\040\0001\000N\000N}{subsection.1.2}% 5
\BOOKMARK [2][-]{subsection.1.3}{\376\377\000Q\000u\000e\000s\000t\000i\000o\000n\000\040\000B\000o\000n\000u\000s}{section.1}% 6
\BOOKMARK [1][-]{section.2}{\376\377\000T\000h\000e\000o\000r\000y\000:\000\040\000a\000\040\000s\000p\000e\000c\000i\000a\000l\000\040\000c\000a\000s\000e\000\040\000o\000f\000\040\000S\000t\000o\000n\000e\040\031\000s\000\040\000t\000h\000e\000o\000r\000e\000m\000\040}{}% 7
\BOOKMARK [2][-]{subsection.2.1}{\376\377\000Q\000u\000e\000s\000t\000i\000o\000n\000\040\0004}{section.2}% 8
\BOOKMARK [3][-]{subsubsection.2.1.1}{\376\377\000Q\000u\000e\000s\000t\000i\000o\000n\000\040\0004\000.\000a}{subsection.2.1}% 9
\BOOKMARK [3][-]{subsubsection.2.1.2}{\376\377\000Q\000u\000e\000s\000t\000i\000o\000n\000\040\0004\000.\000b\000\040\000\050\000C\000l\000a\000s\000s\000i\000f\000i\000e\000u\000r\000\040\000d\000e\000\040\000B\000a\000y\000e\000s\000\051}{subsection.2.1}% 10
\BOOKMARK [3][-]{subsubsection.2.1.3}{\376\377\000Q\000u\000e\000s\000t\000i\000o\000n\000\040\0004\000.\000c}{subsection.2.1}% 11
\BOOKMARK [2][-]{subsection.2.2}{\376\377\000Q\000u\000e\000s\000t\000i\000o\000n\000\040\0005}{section.2}% 12
\BOOKMARK [3][-]{subsubsection.2.2.1}{\376\377\000Q\000u\000e\000s\000t\000i\000o\000n\000\040\0005\000.\000a}{subsection.2.2}% 13
\BOOKMARK [3][-]{subsubsection.2.2.2}{\376\377\000Q\000u\000e\000s\000t\000i\000o\000n\000\040\0005\000.\000b}{subsection.2.2}% 14
\BOOKMARK [3][-]{subsubsection.2.2.3}{\376\377\000Q\000u\000e\000s\000t\000i\000o\000n\000\040\0005\000.\000c}{subsection.2.2}% 15
\BOOKMARK [2][-]{subsection.2.3}{\376\377\000Q\000u\000e\000s\000t\000i\000o\000n\000\040\000B\000o\000n\000u\000s}{section.2}% 16
\BOOKMARK [1][-]{section.3}{\376\377\000R\000\351\000g\000r\000e\000s\000s\000i\000o\000n\000\040\000L\000o\000g\000i\000s\000t\000i\000q\000u\000e}{}% 17
\BOOKMARK [2][-]{subsection.3.1}{\376\377\000Q\000u\000e\000s\000t\000i\000o\000n\000\040\0001}{section.3}% 18
\BOOKMARK [3][-]{subsubsection.3.1.1}{\376\377\000Q\000u\000e\000s\000t\000i\000o\000n\000\040\0001\000.\000a}{subsection.3.1}% 19
\BOOKMARK [3][-]{subsubsection.3.1.2}{\376\377\000Q\000u\000e\000s\000t\000i\000o\000n\000\040\0001\000.\000e}{subsection.3.1}% 20
\BOOKMARK [1][-]{section.4}{\376\377\000G\000a\000u\000s\000s\000i\000a\000n\000\040\000N\000a\000i\000v\000e\000\040\000B\000a\000y\000e\000s}{}% 21
\BOOKMARK [2][-]{subsection.4.1}{\376\377\000Q\000u\000e\000s\000t\000i\000o\000n\000\040\0001}{section.4}% 22
\BOOKMARK [3][-]{subsubsection.4.1.1}{\376\377\000Q\000u\000e\000s\000t\000i\000o\000n\000\040\0001\000.\000a}{subsection.4.1}% 23
\BOOKMARK [3][-]{subsubsection.4.1.2}{\376\377\000Q\000u\000e\000s\000t\000i\000o\000n\000\040\0001\000.\000b}{subsection.4.1}% 24
\BOOKMARK [3][-]{subsubsection.4.1.3}{\376\377\000Q\000u\000e\000s\000t\000i\000o\000n\000\040\0001\000.\000e}{subsection.4.1}% 25
\BOOKMARK [1][-]{section.5}{\376\377\000S\000o\000u\000r\000c\000e}{}% 26
