\BOOKMARK [1][-]{section.1}{\376\377\000E\000n\000t\000r\000o\000p\000i\000e\000\040\000e\000t\000\040\000s\000o\000u\000r\000c\000e\000s\000\040\000d\040\031\000i\000n\000f\000o\000r\000m\000a\000t\000i\000o\000n}{}% 1
\BOOKMARK [2][-]{subsection.1.1}{\376\377\000Q\000u\000e\000s\000t\000i\000o\000n\000\040\0001}{section.1}% 2
\BOOKMARK [2][-]{subsection.1.2}{\376\377\000Q\000u\000e\000s\000t\000i\000o\000n\000\040\0002}{section.1}% 3
\BOOKMARK [2][-]{subsection.1.3}{\376\377\000Q\000u\000e\000s\000t\000i\000o\000n\000\040\0003}{section.1}% 4
\BOOKMARK [2][-]{subsection.1.4}{\376\377\000Q\000u\000e\000s\000t\000i\000o\000n\000\040\0004}{section.1}% 5
\BOOKMARK [1][-]{section.2}{\376\377\000L\000a\000\040\000l\000i\000b\000r\000a\000i\000r\000i\000e\000\040\000d\000e\000\040\000B\000a\000b\000e\000l}{}% 6
\BOOKMARK [2][-]{subsection.2.1}{\376\377\000Q\000u\000e\000s\000t\000i\000o\000n\000\040\0001\000\040\000e\000t\000\040\0002}{section.2}% 7
\BOOKMARK [2][-]{subsection.2.2}{\376\377\000Q\000u\000e\000s\000t\000i\000o\000n\000\040\0003}{section.2}% 8
\BOOKMARK [2][-]{subsection.2.3}{\376\377\000Q\000u\000e\000s\000t\000i\000o\000n\000\040\0004}{section.2}% 9
\BOOKMARK [1][-]{section.3}{\376\377\000H\000i\000s\000t\000o\000g\000r\000a\000m\000m\000e\000s}{}% 10
\BOOKMARK [2][-]{subsection.3.1}{\376\377\000Q\000u\000e\000s\000t\000i\000o\000n\000\040\0003}{section.3}% 11
\BOOKMARK [2][-]{subsection.3.2}{\376\377\000Q\000u\000e\000s\000t\000i\000o\000n\000\040\0005}{section.3}% 12
\BOOKMARK [2][-]{subsection.3.3}{\376\377\000Q\000u\000e\000s\000t\000i\000o\000n\000\040\0006}{section.3}% 13
\BOOKMARK [2][-]{subsection.3.4}{\376\377\000Q\000u\000e\000s\000t\000i\000o\000n\000\040\0007}{section.3}% 14
\BOOKMARK [1][-]{section.4}{\376\377\000M\000a\000s\000q\000u\000e\000\040\000j\000e\000t\000a\000b\000l\000e}{}% 15
\BOOKMARK [2][-]{subsection.4.1}{\376\377\000Q\000u\000e\000s\000t\000i\000o\000n\000\040\0001}{section.4}% 16
\BOOKMARK [2][-]{subsection.4.2}{\376\377\000Q\000u\000e\000s\000t\000i\000o\000n\000\040\0003}{section.4}% 17
\BOOKMARK [2][-]{subsection.4.3}{\376\377\000Q\000u\000e\000s\000t\000i\000o\000n\000\040\0004}{section.4}% 18
\BOOKMARK [1][-]{section.5}{\376\377\000C\000o\000m\000m\000u\000n\000i\000c\000a\000t\000i\000o\000n\000\040\000\340\000\040\000c\000l\000\351\000\040\000p\000u\000b\000l\000i\000q\000u\000e\000,\000\040\000H\000T\000T\000P\000S\000\040\000e\000t\000\040\000S\000S\000L}{}% 19
\BOOKMARK [2][-]{subsection.5.1}{\376\377\000Q\000u\000e\000s\000t\000i\000o\000n\000\040\0001}{section.5}% 20
\BOOKMARK [2][-]{subsection.5.2}{\376\377\000Q\000u\000e\000s\000t\000i\000o\000n\000\040\0002}{section.5}% 21
\BOOKMARK [2][-]{subsection.5.3}{\376\377\000Q\000u\000e\000s\000t\000i\000o\000n\000\040\0003}{section.5}% 22
\BOOKMARK [2][-]{subsection.5.4}{\376\377\000Q\000u\000e\000s\000t\000i\000o\000n\000\040\0004}{section.5}% 23
\BOOKMARK [2][-]{subsection.5.5}{\376\377\000Q\000u\000e\000s\000t\000i\000o\000n\000\040\0005}{section.5}% 24
\BOOKMARK [2][-]{subsection.5.6}{\376\377\000Q\000u\000e\000s\000t\000i\000o\000n\000\040\0006}{section.5}% 25
\BOOKMARK [2][-]{subsection.5.7}{\376\377\000Q\000u\000e\000s\000t\000i\000o\000n\000\040\0007}{section.5}% 26
\BOOKMARK [1][-]{section.6}{\376\377\000C\000o\000d\000a\000g\000e}{}% 27
\BOOKMARK [2][-]{subsection.6.1}{\376\377\000Q\000u\000e\000s\000t\000i\000o\000n\000\040\0001}{section.6}% 28
\BOOKMARK [2][-]{subsection.6.2}{\376\377\000Q\000u\000e\000s\000t\000i\000o\000n\000\040\0002}{section.6}% 29
\BOOKMARK [2][-]{subsection.6.3}{\376\377\000Q\000u\000e\000s\000t\000i\000o\000n\000\040\0003}{section.6}% 30
\BOOKMARK [1][-]{section.7}{\376\377\000C\000h\000a\000n\000g\000e\000m\000e\000n\000t\000\040\000d\000e\000\040\000C\000o\000d\000a\000g\000e}{}% 31
\BOOKMARK [2][-]{subsection.7.1}{\376\377\000Q\000u\000e\000s\000t\000i\000o\000n\000\040\0001}{section.7}% 32
\BOOKMARK [2][-]{subsection.7.2}{\376\377\000Q\000u\000e\000s\000t\000i\000o\000n\000\040\0002}{section.7}% 33
\BOOKMARK [1][-]{section.8}{\376\377\000C\000h\000i\000f\000f\000r\000e\000m\000e\000n\000t\000\040\000p\000a\000r\000\040\000b\000l\000o\000c\000\040\000e\000t\000\040\000m\000o\000d\000e\000s\000\040\000d\040\031\000o\000p\000\351\000r\000a\000t\000i\000o\000n}{}% 34
\BOOKMARK [2][-]{subsection.8.1}{\376\377\000Q\000u\000e\000s\000t\000i\000o\000n\000\040\0001}{section.8}% 35
\BOOKMARK [2][-]{subsection.8.2}{\376\377\000Q\000u\000e\000s\000t\000i\000o\000n\000\040\0002}{section.8}% 36
\BOOKMARK [1][-]{section.9}{\376\377\000O\000r\000g\000a\000n\000i\000s\000a\000t\000i\000o\000n\000\040\000d\000e\000s\000\040\000m\000o\000t\000s\000\040\000d\000e\000\040\000p\000a\000s\000s\000e\000\040\000e\000n\000\040\000U\000N\000I\000X\000/\000L\000i\000n\000u\000x}{}% 37
\BOOKMARK [2][-]{subsection.9.1}{\376\377\000Q\000u\000e\000s\000t\000i\000o\000n\000\040\0001}{section.9}% 38
\BOOKMARK [2][-]{subsection.9.2}{\376\377\000Q\000u\000e\000s\000t\000i\000o\000n\000\040\0002}{section.9}% 39
\BOOKMARK [2][-]{subsection.9.3}{\376\377\000Q\000u\000e\000s\000t\000i\000o\000n\000\040\0003}{section.9}% 40
\BOOKMARK [2][-]{subsection.9.4}{\376\377\000Q\000u\000e\000s\000t\000i\000o\000n\000\040\0004}{section.9}% 41
\BOOKMARK [2][-]{subsection.9.5}{\376\377\000Q\000u\000e\000s\000t\000i\000o\000n\000\040\0005}{section.9}% 42
\BOOKMARK [2][-]{subsection.9.6}{\376\377\000Q\000u\000e\000s\000t\000i\000o\000n\000\040\0006}{section.9}% 43
\BOOKMARK [1][-]{section.10}{\376\377\000C\000h\000o\000i\000x\000\040\000d\000e\000s\000\040\000m\000o\000t\000s\000\040\000d\000e\000\040\000p\000a\000s\000s\000e\000\040}{}% 44
\BOOKMARK [2][-]{subsection.10.1}{\376\377\000Q\000u\000e\000s\000t\000i\000o\000n\000\040\0001}{section.10}% 45
\BOOKMARK [2][-]{subsection.10.2}{\376\377\000Q\000u\000e\000s\000t\000i\000o\000n\000\040\0002}{section.10}% 46
\BOOKMARK [2][-]{subsection.10.3}{\376\377\000Q\000u\000e\000s\000t\000i\000o\000n\000\040\0003}{section.10}% 47
\BOOKMARK [1][-]{section.11}{\376\377\000D\000\351\000c\000h\000i\000f\000f\000r\000e\000m\000e\000n\000t\000\040\000s\000i\000m\000p\000l\000e\000\040}{}% 48
\BOOKMARK [2][-]{subsection.11.1}{\376\377\000Q\000u\000e\000s\000t\000i\000o\000n\000\040\0001}{section.11}% 49
\BOOKMARK [2][-]{subsection.11.2}{\376\377\000Q\000u\000e\000s\000t\000i\000o\000n\000\040\0002}{section.11}% 50
